[0731/130619.343:ERROR:audio_rtp_receiver.cc(89)] AudioRtpReceiver::OnSetVolume: No audio channel exists.
[0731/130619.343:WARNING:used_ids.h(55)] Duplicate id found. Reassigning from 104 to 127
[0731/130619.343:WARNING:used_ids.h(55)] Duplicate id found. Reassigning from 102 to 125
[0731/130619.344:WARNING:used_ids.h(55)] Duplicate id found. Reassigning from 104 to 124
[0731/130619.344:WARNING:used_ids.h(55)] Duplicate id found. Reassigning from 106 to 123
[0731/130619.344:WARNING:used_ids.h(55)] Duplicate id found. Reassigning from 103 to 122
[0731/130619.344:WARNING:used_ids.h(55)] Duplicate id found. Reassigning from 105 to 121
[0731/130619.344:WARNING:used_ids.h(55)] Duplicate id found. Reassigning from 109 to 120
[0731/130619.344:WARNING:used_ids.h(55)] Duplicate id found. Reassigning from 1 to 14
[0731/130619.344:WARNING:used_ids.h(55)] Duplicate id found. Reassigning from 3 to 13
[0731/130619.344:WARNING:used_ids.h(55)] Duplicate id found. Reassigning from 5 to 12
[0731/130619.344:WARNING:used_ids.h(55)] Duplicate id found. Reassigning from 6 to 11
[0731/130636.059:WARNING:used_ids.h(55)] Duplicate id found. Reassigning from 104 to 127
[0731/130636.059:WARNING:used_ids.h(55)] Duplicate id found. Reassigning from 102 to 125
[0731/130636.059:WARNING:used_ids.h(55)] Duplicate id found. Reassigning from 104 to 124
[0731/130636.059:WARNING:used_ids.h(55)] Duplicate id found. Reassigning from 106 to 123
[0731/130636.059:WARNING:used_ids.h(55)] Duplicate id found. Reassigning from 103 to 122
[0731/130636.059:WARNING:used_ids.h(55)] Duplicate id found. Reassigning from 105 to 121
[0731/130636.059:WARNING:used_ids.h(55)] Duplicate id found. Reassigning from 109 to 120
[0731/130636.059:WARNING:used_ids.h(55)] Duplicate id found. Reassigning from 1 to 14
[0731/130636.059:WARNING:used_ids.h(55)] Duplicate id found. Reassigning from 3 to 13
[0731/130636.059:WARNING:used_ids.h(55)] Duplicate id found. Reassigning from 5 to 12
[0731/130636.059:WARNING:used_ids.h(55)] Duplicate id found. Reassigning from 6 to 11
[0731/130636.059:ERROR:audio_rtp_receiver.cc(89)] AudioRtpReceiver::OnSetVolume: No audio channel exists.
[0731/130641.671:ERROR:batching_media_log.cc(38)] MediaEvent: {"error":"FFmpegDemuxer: no supported streams"}
[0731/130641.671:ERROR:batching_media_log.cc(35)] MediaEvent: {"pipeline_error":14}
[0731/130641.739:ERROR:batching_media_log.cc(38)] MediaEvent: {"error":"FFmpegDemuxer: no supported streams"}
[0731/130641.739:ERROR:batching_media_log.cc(35)] MediaEvent: {"pipeline_error":14}
[0731/130641.841:WARNING:spdy_session.cc(3365)] Received HEADERS for invalid stream 193
[0731/131003.706:WARNING:spdy_session.cc(3365)] Received HEADERS for invalid stream 215
[0731/131003.718:WARNING:spdy_session.cc(3365)] Received HEADERS for invalid stream 209
[0731/131003.741:WARNING:spdy_session.cc(3365)] Received HEADERS for invalid stream 213
[0731/213828.162:WARNING:dns_config_service_win.cc(700)] Failed to read DnsConfig.
[0731/213828.177:WARNING:dns_config_service_win.cc(700)] Failed to read DnsConfig.
[0731/213833.177:WARNING:dns_config_service_win.cc(700)] Failed to read DnsConfig.
[0731/213833.180:WARNING:dns_config_service_win.cc(700)] Failed to read DnsConfig.
[0731/213838.183:WARNING:dns_config_service_win.cc(700)] Failed to read DnsConfig.
[0731/213838.196:WARNING:dns_config_service_win.cc(700)] Failed to read DnsConfig.
[0731/213843.185:WARNING:dns_config_service_win.cc(700)] Failed to read DnsConfig.
[0731/213843.211:WARNING:dns_config_service_win.cc(700)] Failed to read DnsConfig.
[0731/213915.435:WARNING:dns_config_service_win.cc(700)] Failed to read DnsConfig.
[0731/213915.441:WARNING:dns_config_service_win.cc(700)] Failed to read DnsConfig.
[0731/213920.437:WARNING:dns_config_service_win.cc(700)] Failed to read DnsConfig.
[0731/213920.457:WARNING:dns_config_service_win.cc(700)] Failed to read DnsConfig.
[0731/213925.439:WARNING:dns_config_service_win.cc(700)] Failed to read DnsConfig.
[0731/213925.465:WARNING:dns_config_service_win.cc(700)] Failed to read DnsConfig.
[0731/213930.442:WARNING:dns_config_service_win.cc(700)] Failed to read DnsConfig.
[0731/213930.470:WARNING:dns_config_service_win.cc(700)] Failed to read DnsConfig.
[0731/213932.240:WARNING:dns_config_service_win.cc(700)] Failed to read DnsConfig.
[0731/213932.241:WARNING:dns_config_service_win.cc(700)] Failed to read DnsConfig.
[0731/213935.445:WARNING:dns_config_service_win.cc(700)] Failed to read DnsConfig.
[0731/213935.480:WARNING:dns_config_service_win.cc(700)] Failed to read DnsConfig.
[0731/213935.941:WARNING:dns_config_service_win.cc(700)] Failed to read DnsConfig.
[0731/213935.943:WARNING:dns_config_service_win.cc(700)] Failed to read DnsConfig.
[0731/213937.243:WARNING:dns_config_service_win.cc(700)] Failed to read DnsConfig.
[0731/213937.252:WARNING:dns_config_service_win.cc(700)] Failed to read DnsConfig.
[0731/213940.449:WARNING:dns_config_service_win.cc(700)] Failed to read DnsConfig.
[0731/213940.497:WARNING:dns_config_service_win.cc(700)] Failed to read DnsConfig.
[0731/213940.945:WARNING:dns_config_service_win.cc(700)] Failed to read DnsConfig.
[0731/213940.953:WARNING:dns_config_service_win.cc(700)] Failed to read DnsConfig.
[0731/213942.247:WARNING:dns_config_service_win.cc(700)] Failed to read DnsConfig.
[0731/213942.264:WARNING:dns_config_service_win.cc(700)] Failed to read DnsConfig.
[0731/213945.452:WARNING:dns_config_service_win.cc(700)] Failed to read DnsConfig.
[0731/213945.514:WARNING:dns_config_service_win.cc(700)] Failed to read DnsConfig.
[0731/213945.948:WARNING:dns_config_service_win.cc(700)] Failed to read DnsConfig.
[0731/213945.971:WARNING:dns_config_service_win.cc(700)] Failed to read DnsConfig.
[0731/213947.250:WARNING:dns_config_service_win.cc(700)] Failed to read DnsConfig.
[0731/213947.278:WARNING:dns_config_service_win.cc(700)] Failed to read DnsConfig.
[0731/213948.838:WARNING:dns_config_service_win.cc(700)] Failed to read DnsConfig.
[0731/213948.850:WARNING:dns_config_service_win.cc(700)] Failed to read DnsConfig.
[0731/213950.455:WARNING:dns_config_service_win.cc(700)] Failed to read DnsConfig.
[0731/213950.519:WARNING:dns_config_service_win.cc(700)] Failed to read DnsConfig.
[0731/213950.950:WARNING:dns_config_service_win.cc(700)] Failed to read DnsConfig.
[0731/213950.980:WARNING:dns_config_service_win.cc(700)] Failed to read DnsConfig.
[0731/213952.254:WARNING:dns_config_service_win.cc(700)] Failed to read DnsConfig.
[0731/213952.292:WARNING:dns_config_service_win.cc(700)] Failed to read DnsConfig.
[0731/213953.840:WARNING:dns_config_service_win.cc(700)] Failed to read DnsConfig.
[0731/213953.853:WARNING:dns_config_service_win.cc(700)] Failed to read DnsConfig.
[0731/213955.457:WARNING:dns_config_service_win.cc(700)] Failed to read DnsConfig.
[0731/213955.536:WARNING:dns_config_service_win.cc(700)] Failed to read DnsConfig.
[0731/213955.952:WARNING:dns_config_service_win.cc(700)] Failed to read DnsConfig.
[0731/213955.993:WARNING:dns_config_service_win.cc(700)] Failed to read DnsConfig.
[0731/213957.257:WARNING:dns_config_service_win.cc(700)] Failed to read DnsConfig.
[0731/213957.309:WARNING:dns_config_service_win.cc(700)] Failed to read DnsConfig.
[0731/213958.853:WARNING:dns_config_service_win.cc(700)] Failed to read DnsConfig.
[0731/213958.855:WARNING:dns_config_service_win.cc(700)] Failed to read DnsConfig.
[0731/214000.460:WARNING:dns_config_service_win.cc(700)] Failed to read DnsConfig.
[0731/214000.542:WARNING:dns_config_service_win.cc(700)] Failed to read DnsConfig.
[0731/214000.666:WARNING:dns_config_service_win.cc(700)] Failed to read DnsConfig.
[0731/214000.668:WARNING:dns_config_service_win.cc(700)] Failed to read DnsConfig.
[0731/214000.955:WARNING:dns_config_service_win.cc(700)] Failed to read DnsConfig.
[0731/214000.999:WARNING:dns_config_service_win.cc(700)] Failed to read DnsConfig.
[0731/214024.981:WARNING:dns_config_service_win.cc(700)] Failed to read DnsConfig.
[0731/214024.982:WARNING:dns_config_service_win.cc(700)] Failed to read DnsConfig.
[0731/214029.984:WARNING:dns_config_service_win.cc(700)] Failed to read DnsConfig.
[0731/214029.994:WARNING:dns_config_service_win.cc(700)] Failed to read DnsConfig.
[0731/214034.988:WARNING:dns_config_service_win.cc(700)] Failed to read DnsConfig.
[0731/214035.015:WARNING:dns_config_service_win.cc(700)] Failed to read DnsConfig.
[0731/214039.990:WARNING:dns_config_service_win.cc(700)] Failed to read DnsConfig.
[0731/214040.018:WARNING:dns_config_service_win.cc(700)] Failed to read DnsConfig.
[0731/214044.992:WARNING:dns_config_service_win.cc(700)] Failed to read DnsConfig.
[0731/214045.034:WARNING:dns_config_service_win.cc(700)] Failed to read DnsConfig.
[0731/214049.994:WARNING:dns_config_service_win.cc(700)] Failed to read DnsConfig.
[0731/214050.052:WARNING:dns_config_service_win.cc(700)] Failed to read DnsConfig.
[0731/214120.034:WARNING:dns_config_service_win.cc(700)] Failed to read DnsConfig.
[0731/214120.035:WARNING:dns_config_service_win.cc(700)] Failed to read DnsConfig.
[0731/214125.037:WARNING:dns_config_service_win.cc(700)] Failed to read DnsConfig.
[0731/214125.043:WARNING:dns_config_service_win.cc(700)] Failed to read DnsConfig.
[0731/214130.040:WARNING:dns_config_service_win.cc(700)] Failed to read DnsConfig.
[0731/214130.060:WARNING:dns_config_service_win.cc(700)] Failed to read DnsConfig.
[0731/214135.042:WARNING:dns_config_service_win.cc(700)] Failed to read DnsConfig.
[0731/214135.072:WARNING:dns_config_service_win.cc(700)] Failed to read DnsConfig.
[0731/214137.378:WARNING:dns_config_service_win.cc(700)] Failed to read DnsConfig.
[0731/214137.383:WARNING:dns_config_service_win.cc(700)] Failed to read DnsConfig.
[0731/214140.045:WARNING:dns_config_service_win.cc(700)] Failed to read DnsConfig.
[0731/214140.078:WARNING:dns_config_service_win.cc(700)] Failed to read DnsConfig.
[0731/214140.630:WARNING:dns_config_service_win.cc(700)] Failed to read DnsConfig.
[0731/214140.634:WARNING:dns_config_service_win.cc(700)] Failed to read DnsConfig.
[0731/214142.383:WARNING:dns_config_service_win.cc(700)] Failed to read DnsConfig.
[0731/214142.386:WARNING:dns_config_service_win.cc(700)] Failed to read DnsConfig.
[0731/214145.048:WARNING:dns_config_service_win.cc(700)] Failed to read DnsConfig.
[0731/214145.087:WARNING:dns_config_service_win.cc(700)] Failed to read DnsConfig.
[0731/214145.638:WARNING:dns_config_service_win.cc(700)] Failed to read DnsConfig.
[0731/214145.644:WARNING:dns_config_service_win.cc(700)] Failed to read DnsConfig.
[0731/214147.389:WARNING:dns_config_service_win.cc(700)] Failed to read DnsConfig.
[0731/214147.399:WARNING:dns_config_service_win.cc(700)] Failed to read DnsConfig.
[0731/214150.051:WARNING:dns_config_service_win.cc(700)] Failed to read DnsConfig.
[0731/214150.106:WARNING:dns_config_service_win.cc(700)] Failed to read DnsConfig.
[0731/214150.639:WARNING:dns_config_service_win.cc(700)] Failed to read DnsConfig.
[0731/214150.658:WARNING:dns_config_service_win.cc(700)] Failed to read DnsConfig.
[0731/214152.392:WARNING:dns_config_service_win.cc(700)] Failed to read DnsConfig.
[0731/214152.406:WARNING:dns_config_service_win.cc(700)] Failed to read DnsConfig.
[0731/214153.531:WARNING:dns_config_service_win.cc(700)] Failed to read DnsConfig.
[0731/214153.532:WARNING:dns_config_service_win.cc(700)] Failed to read DnsConfig.
[0731/214155.053:WARNING:dns_config_service_win.cc(700)] Failed to read DnsConfig.
[0731/214155.111:WARNING:dns_config_service_win.cc(700)] Failed to read DnsConfig.
[0731/214155.643:WARNING:dns_config_service_win.cc(700)] Failed to read DnsConfig.
[0731/214155.673:WARNING:dns_config_service_win.cc(700)] Failed to read DnsConfig.
[0731/214157.394:WARNING:dns_config_service_win.cc(700)] Failed to read DnsConfig.
[0731/214157.420:WARNING:dns_config_service_win.cc(700)] Failed to read DnsConfig.
[0731/214158.534:WARNING:dns_config_service_win.cc(700)] Failed to read DnsConfig.
[0731/214158.550:WARNING:dns_config_service_win.cc(700)] Failed to read DnsConfig.
[0731/214200.054:WARNING:dns_config_service_win.cc(700)] Failed to read DnsConfig.
[0731/214200.117:WARNING:dns_config_service_win.cc(700)] Failed to read DnsConfig.
[0731/214200.645:WARNING:dns_config_service_win.cc(700)] Failed to read DnsConfig.
[0731/214200.684:WARNING:dns_config_service_win.cc(700)] Failed to read DnsConfig.
[0731/214202.397:WARNING:dns_config_service_win.cc(700)] Failed to read DnsConfig.
[0731/214202.429:WARNING:dns_config_service_win.cc(700)] Failed to read DnsConfig.
[0731/214203.537:WARNING:dns_config_service_win.cc(700)] Failed to read DnsConfig.
[0731/214203.565:WARNING:dns_config_service_win.cc(700)] Failed to read DnsConfig.
[0731/214205.057:WARNING:dns_config_service_win.cc(700)] Failed to read DnsConfig.
[0731/214205.123:WARNING:dns_config_service_win.cc(700)] Failed to read DnsConfig.
[0731/214205.170:WARNING:dns_config_service_win.cc(700)] Failed to read DnsConfig.
[0731/214205.173:WARNING:dns_config_service_win.cc(700)] Failed to read DnsConfig.
[0731/231004.294:WARNING:dns_config_service_win.cc(700)] Failed to read DnsConfig.
[0731/231004.311:WARNING:dns_config_service_win.cc(700)] Failed to read DnsConfig.
[0801/004419.859:WARNING:dns_config_service_win.cc(700)] Failed to read DnsConfig.
[0801/004419.868:WARNING:dns_config_service_win.cc(700)] Failed to read DnsConfig.
[0801/130523.819:WARNING:dns_config_service_win.cc(700)] Failed to read DnsConfig.
[0801/130523.823:WARNING:dns_config_service_win.cc(700)] Failed to read DnsConfig.
[0801/143732.289:ERROR:batching_media_log.cc(38)] MediaEvent: {"error":"FFmpegDemuxer: no supported streams"}
[0801/143732.289:ERROR:batching_media_log.cc(35)] MediaEvent: {"pipeline_error":14}
[0801/143732.291:ERROR:batching_media_log.cc(38)] MediaEvent: {"error":"FFmpegDemuxer: no supported streams"}
[0801/143732.291:ERROR:batching_media_log.cc(35)] MediaEvent: {"pipeline_error":14}
[0801/143732.300:WARNING:spdy_session.cc(3365)] Received HEADERS for invalid stream 27
[0801/143732.300:WARNING:spdy_session.cc(3365)] Received HEADERS for invalid stream 29
